<?xml version="1.0" encoding="UTF-8"?>
<!-- Generated by org.testng.reporters.JUnitReportReporter -->
<testsuite skipped="0" hostname="IBM-Testing01" name="com.training.sanity.tests.LoginComplexTests11" tests="2" failures="0" timestamp="16 Feb 2020 04:15:45 GMT" time="66.692" errors="0">
  <testcase name="validLoginTest" time="30.938" classname="com.training.sanity.tests.LoginComplexTests11"/>
  <testcase name="validLoginTest" time="35.754" classname="com.training.sanity.tests.LoginComplexTests11"/>
</testsuite> <!-- com.training.sanity.tests.LoginComplexTests11 -->
