<?xml version="1.0" encoding="UTF-8"?>
<!-- Generated by org.testng.reporters.JUnitReportReporter -->
<testsuite skipped="0" hostname="IBM-Testing01" name="com.training.sanity.tests.LoginComplexTest" tests="1" failures="0" timestamp="15 Feb 2020 09:49:55 GMT" time="24.793" errors="0">
  <testcase name="validLoginTest" time="24.793" classname="com.training.sanity.tests.LoginComplexTest"/>
</testsuite> <!-- com.training.sanity.tests.LoginComplexTest -->
